TN:
SF:index.js
FN:5,(anonymous_0)
FNF:1
FNH:0
FNDA:0,(anonymous_0)
DA:1,0
DA:2,0
DA:4,0
DA:5,0
DA:6,0
LF:5
LH:0
BRDA:4,0,0,0
BRDA:4,0,1,0
BRF:2
BRH:0
end_of_record
TN:
SF:jest.config.js
FNF:0
FNH:0
DA:4,0
LF:1
LH:0
BRF:0
BRH:0
end_of_record
TN:
SF:knexfile.js
FN:4,(anonymous_0)
FNF:1
FNH:0
FNDA:0,(anonymous_0)
DA:2,3
DA:3,3
DA:4,3
DA:6,3
LF:4
LH:4
BRF:0
BRH:0
end_of_record
TN:
SF:server.js
FNF:0
FNH:0
DA:2,3
DA:3,3
DA:4,3
DA:7,3
DA:9,3
DA:10,3
DA:11,3
DA:14,3
DA:15,3
DA:16,3
DA:17,3
DA:18,3
DA:19,3
DA:20,3
DA:24,3
DA:27,3
DA:30,3
DA:31,3
DA:32,3
DA:33,3
DA:35,3
LF:21
LH:21
BRF:0
BRH:0
end_of_record
TN:
SF:api/models/dietModel.js
FN:11,add
FN:15,findById
FN:19,getAll
FN:41,update
FN:45,remove
FNF:5
FNH:1
FNDA:0,add
FNDA:0,findById
FNDA:1,getAll
FNDA:0,update
FNDA:0,remove
DA:1,3
DA:3,3
DA:12,0
DA:16,0
DA:20,1
DA:42,0
DA:46,0
LF:7
LH:3
BRF:0
BRH:0
end_of_record
TN:
SF:api/models/routineModel.js
FN:3,getRoutines
FN:9,(anonymous_1)
FN:29,getRoutine
FN:59,addRoutine
FN:65,addWorkoutToRoutine
FN:71,editRoutine
FN:77,deleteRoutine
FN:81,deleteWorkoutInRoutine
FNF:8
FNH:0
FNDA:0,getRoutines
FNDA:0,(anonymous_1)
FNDA:0,getRoutine
FNDA:0,addRoutine
FNDA:0,addWorkoutToRoutine
FNDA:0,editRoutine
FNDA:0,deleteRoutine
FNDA:0,deleteWorkoutInRoutine
DA:1,3
DA:4,0
DA:9,0
DA:10,0
DA:26,0
DA:30,0
DA:45,0
DA:47,0
DA:52,0
DA:54,0
DA:56,0
DA:60,0
DA:62,0
DA:66,0
DA:68,0
DA:72,0
DA:74,0
DA:78,0
DA:82,0
DA:84,0
DA:85,0
DA:87,0
DA:91,3
LF:23
LH:2
BRDA:84,0,0,0
BRDA:84,0,1,0
BRF:2
BRH:0
end_of_record
TN:
SF:api/models/userModel.js
FN:3,getUsers
FN:7,add
FN:13,findById
FN:21,updateUser
FN:25,deleteUser
FN:34,findBy
FNF:6
FNH:4
FNDA:1,getUsers
FNDA:1,add
FNDA:1,findById
FNDA:0,updateUser
FNDA:0,deleteUser
FNDA:2,findBy
DA:1,3
DA:4,1
DA:8,1
DA:10,1
DA:14,1
DA:22,0
DA:26,0
DA:35,2
DA:39,3
LF:9
LH:7
BRF:0
BRH:0
end_of_record
TN:
SF:api/models/workoutModel.js
FN:3,getPublicWorkouts
FN:8,getWorkoutsByUser
FN:23,getWorkoutById
FN:28,addWorkout
FN:34,editWorkout
FN:42,deleteWorkout
FNF:6
FNH:0
FNDA:0,getPublicWorkouts
FNDA:0,getWorkoutsByUser
FNDA:0,getWorkoutById
FNDA:0,addWorkout
FNDA:0,editWorkout
FNDA:0,deleteWorkout
DA:1,3
DA:4,0
DA:9,0
DA:24,0
DA:29,0
DA:31,0
DA:35,0
DA:39,0
DA:43,0
DA:48,3
LF:10
LH:2
BRF:0
BRH:0
end_of_record
TN:
SF:api/routes/dietRoute.js
FN:8,(anonymous_0)
FN:11,(anonymous_1)
FN:14,(anonymous_2)
FN:20,(anonymous_3)
FN:24,(anonymous_4)
FN:33,(anonymous_5)
FN:39,(anonymous_6)
FN:44,(anonymous_7)
FN:47,(anonymous_8)
FN:53,(anonymous_9)
FN:59,(anonymous_10)
FN:61,(anonymous_11)
FN:68,(anonymous_12)
FN:74,(anonymous_13)
FN:78,(anonymous_14)
FN:85,(anonymous_15)
FNF:16
FNH:2
FNDA:1,(anonymous_0)
FNDA:1,(anonymous_1)
FNDA:0,(anonymous_2)
FNDA:0,(anonymous_3)
FNDA:0,(anonymous_4)
FNDA:0,(anonymous_5)
FNDA:0,(anonymous_6)
FNDA:0,(anonymous_7)
FNDA:0,(anonymous_8)
FNDA:0,(anonymous_9)
FNDA:0,(anonymous_10)
FNDA:0,(anonymous_11)
FNDA:0,(anonymous_12)
FNDA:0,(anonymous_13)
FNDA:0,(anonymous_14)
FNDA:0,(anonymous_15)
DA:1,3
DA:3,3
DA:4,3
DA:5,3
DA:8,3
DA:9,1
DA:10,1
DA:12,1
DA:15,0
DA:20,3
DA:21,0
DA:23,0
DA:25,0
DA:26,0
DA:28,0
DA:34,0
DA:39,3
DA:40,0
DA:41,0
DA:43,0
DA:45,0
DA:48,0
DA:53,3
DA:54,0
DA:55,0
DA:56,0
DA:58,0
DA:60,0
DA:61,0
DA:62,0
DA:65,0
DA:69,0
DA:74,3
DA:75,0
DA:77,0
DA:79,0
DA:80,0
DA:82,0
DA:86,0
DA:90,3
LF:40
LH:13
BRDA:25,0,0,0
BRDA:25,0,1,0
BRDA:60,1,0,0
BRDA:60,1,1,0
BRDA:79,2,0,0
BRDA:79,2,1,0
BRF:6
BRH:0
end_of_record
TN:
SF:api/routes/mainRoute.js
FN:7,(anonymous_0)
FNF:1
FNH:1
FNDA:1,(anonymous_0)
DA:2,3
DA:5,3
DA:7,3
DA:8,1
DA:12,3
LF:5
LH:5
BRF:0
BRH:0
end_of_record
TN:
SF:api/routes/registrationRoute.js
FN:12,(anonymous_0)
FN:18,(anonymous_1)
FN:21,(anonymous_2)
FN:26,(anonymous_3)
FN:30,(anonymous_4)
FN:44,(anonymous_5)
FNF:6
FNH:4
FNDA:1,(anonymous_0)
FNDA:1,(anonymous_1)
FNDA:0,(anonymous_2)
FNDA:2,(anonymous_3)
FNDA:2,(anonymous_4)
FNDA:0,(anonymous_5)
DA:1,3
DA:2,3
DA:3,3
DA:5,3
DA:7,3
DA:8,3
DA:10,3
DA:12,3
DA:13,1
DA:15,1
DA:17,1
DA:19,1
DA:22,0
DA:26,3
DA:27,2
DA:29,2
DA:31,2
DA:32,2
DA:34,2
DA:39,0
DA:45,0
DA:49,3
LF:22
LH:19
BRDA:31,0,0,2
BRDA:31,0,1,0
BRDA:31,1,0,2
BRDA:31,1,1,2
BRF:4
BRH:3
end_of_record
TN:
SF:api/routes/routineRoutes.js
FN:9,(anonymous_0)
FN:13,(anonymous_1)
FN:16,(anonymous_2)
FN:22,(anonymous_3)
FN:27,(anonymous_4)
FN:30,(anonymous_5)
FN:35,(anonymous_6)
FN:40,(anonymous_7)
FN:43,(anonymous_8)
FN:49,(anonymous_9)
FN:57,(anonymous_10)
FN:60,(anonymous_11)
FN:66,(anonymous_12)
FN:72,(anonymous_13)
FN:75,(anonymous_14)
FN:80,(anonymous_15)
FN:85,(anonymous_16)
FN:88,(anonymous_17)
FN:93,(anonymous_18)
FN:99,(anonymous_19)
FN:102,(anonymous_20)
FNF:21
FNH:0
FNDA:0,(anonymous_0)
FNDA:0,(anonymous_1)
FNDA:0,(anonymous_2)
FNDA:0,(anonymous_3)
FNDA:0,(anonymous_4)
FNDA:0,(anonymous_5)
FNDA:0,(anonymous_6)
FNDA:0,(anonymous_7)
FNDA:0,(anonymous_8)
FNDA:0,(anonymous_9)
FNDA:0,(anonymous_10)
FNDA:0,(anonymous_11)
FNDA:0,(anonymous_12)
FNDA:0,(anonymous_13)
FNDA:0,(anonymous_14)
FNDA:0,(anonymous_15)
FNDA:0,(anonymous_16)
FNDA:0,(anonymous_17)
FNDA:0,(anonymous_18)
FNDA:0,(anonymous_19)
FNDA:0,(anonymous_20)
DA:1,3
DA:2,3
DA:5,3
DA:7,3
DA:9,3
DA:10,0
DA:12,0
DA:14,0
DA:17,0
DA:18,0
DA:22,3
DA:23,0
DA:24,0
DA:26,0
DA:28,0
DA:31,0
DA:35,3
DA:36,0
DA:37,0
DA:39,0
DA:41,0
DA:44,0
DA:45,0
DA:49,3
DA:50,0
DA:51,0
DA:52,0
DA:54,0
DA:56,0
DA:58,0
DA:61,0
DA:62,0
DA:66,3
DA:67,0
DA:68,0
DA:69,0
DA:71,0
DA:73,0
DA:76,0
DA:80,3
DA:81,0
DA:82,0
DA:84,0
DA:86,0
DA:89,0
DA:93,3
DA:94,0
DA:95,0
DA:96,0
DA:98,0
DA:100,0
DA:103,0
DA:107,3
LF:53
LH:12
BRF:0
BRH:0
end_of_record
TN:
SF:api/routes/userRoutes.js
FN:8,(anonymous_0)
FN:10,(anonymous_1)
FN:13,(anonymous_2)
FN:21,(anonymous_3)
FN:24,(anonymous_4)
FN:31,(anonymous_5)
FN:38,(anonymous_6)
FN:42,(anonymous_7)
FN:49,(anonymous_8)
FN:55,(anonymous_9)
FN:58,(anonymous_10)
FN:61,(anonymous_11)
FNF:12
FNH:2
FNDA:1,(anonymous_0)
FNDA:1,(anonymous_1)
FNDA:0,(anonymous_2)
FNDA:0,(anonymous_3)
FNDA:0,(anonymous_4)
FNDA:0,(anonymous_5)
FNDA:0,(anonymous_6)
FNDA:0,(anonymous_7)
FNDA:0,(anonymous_8)
FNDA:0,(anonymous_9)
FNDA:0,(anonymous_10)
FNDA:0,(anonymous_11)
DA:1,3
DA:2,3
DA:5,3
DA:8,3
DA:9,1
DA:11,1
DA:14,0
DA:21,3
DA:22,0
DA:23,0
DA:25,0
DA:26,0
DA:28,0
DA:32,0
DA:33,0
DA:38,3
DA:39,0
DA:40,0
DA:41,0
DA:43,0
DA:44,0
DA:46,0
DA:50,0
DA:55,3
DA:56,0
DA:57,0
DA:59,0
DA:62,0
DA:66,3
LF:29
LH:10
BRDA:25,0,0,0
BRDA:25,0,1,0
BRDA:43,1,0,0
BRDA:43,1,1,0
BRF:4
BRH:0
end_of_record
TN:
SF:api/routes/workoutRoutes.js
FN:8,(anonymous_0)
FN:10,(anonymous_1)
FN:13,(anonymous_2)
FN:18,(anonymous_3)
FN:22,(anonymous_4)
FN:25,(anonymous_5)
FN:30,(anonymous_6)
FN:34,(anonymous_7)
FN:41,(anonymous_8)
FN:46,(anonymous_9)
FN:51,(anonymous_10)
FN:54,(anonymous_11)
FN:60,(anonymous_12)
FN:66,(anonymous_13)
FN:69,(anonymous_14)
FN:74,(anonymous_15)
FN:79,(anonymous_16)
FN:82,(anonymous_17)
FNF:18
FNH:0
FNDA:0,(anonymous_0)
FNDA:0,(anonymous_1)
FNDA:0,(anonymous_2)
FNDA:0,(anonymous_3)
FNDA:0,(anonymous_4)
FNDA:0,(anonymous_5)
FNDA:0,(anonymous_6)
FNDA:0,(anonymous_7)
FNDA:0,(anonymous_8)
FNDA:0,(anonymous_9)
FNDA:0,(anonymous_10)
FNDA:0,(anonymous_11)
FNDA:0,(anonymous_12)
FNDA:0,(anonymous_13)
FNDA:0,(anonymous_14)
FNDA:0,(anonymous_15)
FNDA:0,(anonymous_16)
FNDA:0,(anonymous_17)
DA:1,3
DA:2,3
DA:3,3
DA:6,3
DA:8,3
DA:9,0
DA:11,0
DA:14,0
DA:18,3
DA:19,0
DA:21,0
DA:23,0
DA:26,0
DA:30,3
DA:31,0
DA:32,0
DA:33,0
DA:35,0
DA:36,0
DA:38,0
DA:42,0
DA:46,3
DA:47,0
DA:48,0
DA:50,0
DA:52,0
DA:55,0
DA:56,0
DA:60,3
DA:61,0
DA:62,0
DA:63,0
DA:65,0
DA:67,0
DA:70,0
DA:74,3
DA:75,0
DA:76,0
DA:78,0
DA:80,0
DA:83,0
DA:87,3
LF:42
LH:11
BRDA:35,0,0,0
BRDA:35,0,1,0
BRF:2
BRH:0
end_of_record
TN:
SF:database/connection.js
FNF:0
FNH:0
DA:1,3
DA:2,3
DA:3,3
DA:5,3
LF:4
LH:4
BRDA:3,0,0,3
BRDA:3,0,1,0
BRF:2
BRH:1
end_of_record
TN:
SF:database/migrations/20200421173510_create-tables.js
FN:1,(anonymous_0)
FN:3,(anonymous_1)
FN:17,(anonymous_2)
FN:34,(anonymous_3)
FN:45,(anonymous_4)
FN:62,(anonymous_5)
FN:85,(anonymous_6)
FN:104,(anonymous_7)
FN:109,(anonymous_8)
FN:129,(anonymous_9)
FN:140,(anonymous_10)
FN:159,(anonymous_11)
FN:178,(anonymous_12)
FN:199,(anonymous_13)
FNF:14
FNH:0
FNDA:0,(anonymous_0)
FNDA:0,(anonymous_1)
FNDA:0,(anonymous_2)
FNDA:0,(anonymous_3)
FNDA:0,(anonymous_4)
FNDA:0,(anonymous_5)
FNDA:0,(anonymous_6)
FNDA:0,(anonymous_7)
FNDA:0,(anonymous_8)
FNDA:0,(anonymous_9)
FNDA:0,(anonymous_10)
FNDA:0,(anonymous_11)
FNDA:0,(anonymous_12)
FNDA:0,(anonymous_13)
DA:1,0
DA:2,0
DA:4,0
DA:5,0
DA:6,0
DA:7,0
DA:8,0
DA:9,0
DA:10,0
DA:11,0
DA:12,0
DA:13,0
DA:14,0
DA:15,0
DA:18,0
DA:19,0
DA:20,0
DA:21,0
DA:22,0
DA:23,0
DA:24,0
DA:25,0
DA:26,0
DA:35,0
DA:36,0
DA:37,0
DA:46,0
DA:53,0
DA:63,0
DA:64,0
DA:72,0
DA:73,0
DA:74,0
DA:75,0
DA:76,0
DA:77,0
DA:78,0
DA:79,0
DA:80,0
DA:81,0
DA:82,0
DA:83,0
DA:86,0
DA:87,0
DA:95,0
DA:105,0
DA:106,0
DA:107,0
DA:110,0
DA:111,0
DA:119,0
DA:127,0
DA:130,0
DA:131,0
DA:141,0
DA:149,0
DA:157,0
DA:160,0
DA:168,0
DA:176,0
DA:179,0
DA:187,0
DA:195,0
DA:199,0
DA:200,0
LF:65
LH:0
BRF:0
BRH:0
end_of_record
TN:
SF:database/seeds/00-cleanup.js
FN:3,(anonymous_0)
FNF:1
FNH:0
FNDA:0,(anonymous_0)
DA:1,0
DA:3,0
DA:4,0
LF:3
LH:0
BRF:0
BRH:0
end_of_record
TN:
SF:database/seeds/01-users.js
FN:3,encrypt
FN:7,(anonymous_1)
FNF:2
FNH:0
FNDA:0,encrypt
FNDA:0,(anonymous_1)
DA:1,0
DA:4,0
DA:7,0
DA:8,0
LF:4
LH:0
BRF:0
BRH:0
end_of_record
TN:
SF:database/seeds/02-workouts.js
FN:1,(anonymous_0)
FNF:1
FNH:0
FNDA:0,(anonymous_0)
DA:1,0
DA:2,0
LF:2
LH:0
BRF:0
BRH:0
end_of_record
TN:
SF:database/seeds/04-diets.js
FN:1,(anonymous_0)
FN:4,(anonymous_1)
FNF:2
FNH:0
FNDA:0,(anonymous_0)
FNDA:0,(anonymous_1)
DA:1,0
DA:2,0
DA:5,0
LF:3
LH:0
BRF:0
BRH:0
end_of_record
TN:
SF:database/seeds/05-routines.js
FN:1,(anonymous_0)
FNF:1
FNH:0
FNDA:0,(anonymous_0)
DA:1,0
DA:2,0
LF:2
LH:0
BRF:0
BRH:0
end_of_record
TN:
SF:database/seeds/06-connector.js
FN:1,(anonymous_0)
FNF:1
FNH:0
FNDA:0,(anonymous_0)
DA:1,0
DA:2,0
LF:2
LH:0
BRF:0
BRH:0
end_of_record
TN:
SF:utilities/jwt.js
FN:4,generateToken
FN:22,verifyToken
FNF:2
FNH:2
FNDA:2,generateToken
FNDA:4,verifyToken
DA:1,3
DA:2,3
DA:6,2
DA:11,2
DA:19,2
DA:24,4
DA:32,4
DA:35,3
LF:8
LH:8
BRF:0
BRH:0
end_of_record
TN:
SF:utilities/secrets.js
FNF:0
FNH:0
DA:1,3
DA:3,3
LF:2
LH:2
BRDA:4,0,0,3
BRDA:4,0,1,0
BRDA:5,1,0,3
BRDA:5,1,1,0
BRF:4
BRH:2
end_of_record
TN:
SF:validation/checkForEmpty.js
FN:1,(anonymous_0)
FNF:1
FNH:1
FNDA:10,(anonymous_0)
DA:1,3
DA:2,10
DA:3,10
DA:4,10
DA:8,3
DA:10,10
DA:12,0
DA:16,3
LF:8
LH:7
BRDA:4,0,0,3
BRDA:4,0,1,7
BRDA:4,1,0,10
BRDA:4,1,1,10
BRDA:4,1,2,10
BRDA:4,1,3,7
BRDA:4,1,4,10
BRDA:4,1,5,3
BRF:8
BRH:8
end_of_record
TN:
SF:validation/login.js
FN:4,validateLoginInput
FNF:1
FNH:1
FNDA:2,validateLoginInput
DA:1,3
DA:2,3
DA:4,3
DA:5,2
DA:7,2
DA:9,2
DA:10,2
DA:12,2
DA:13,0
DA:15,2
DA:16,0
DA:19,2
LF:12
LH:10
BRDA:9,0,0,2
BRDA:9,0,1,0
BRDA:10,1,0,2
BRDA:10,1,1,0
BRDA:12,2,0,0
BRDA:12,2,1,2
BRDA:15,3,0,0
BRDA:15,3,1,2
BRF:8
BRH:4
end_of_record
TN:
SF:validation/regex.js
FNF:0
FNH:0
DA:1,3
DA:2,3
DA:3,3
DA:5,3
LF:4
LH:4
BRF:0
BRH:0
end_of_record
TN:
SF:validation/register.js
FN:4,checkRegistrationFields
FNF:1
FNH:1
FNDA:1,checkRegistrationFields
DA:1,3
DA:2,3
DA:4,3
DA:6,1
DA:8,1
DA:10,1
DA:11,1
DA:12,1
DA:14,1
DA:15,0
DA:17,1
DA:18,0
DA:20,1
DA:21,0
DA:24,1
LF:15
LH:12
BRDA:10,0,0,1
BRDA:10,0,1,0
BRDA:11,1,0,1
BRDA:11,1,1,0
BRDA:12,2,0,1
BRDA:12,2,1,0
BRDA:14,3,0,0
BRDA:14,3,1,1
BRDA:17,4,0,0
BRDA:17,4,1,1
BRDA:20,5,0,0
BRDA:20,5,1,1
BRF:12
BRH:6
end_of_record
TN:
SF:validation/routine.js
FN:4,checkRegistrationFields
FNF:1
FNH:0
FNDA:0,checkRegistrationFields
DA:1,3
DA:2,3
DA:4,3
DA:6,0
DA:18,0
DA:22,0
DA:24,0
DA:25,0
DA:27,0
LF:9
LH:3
BRDA:22,0,0,0
BRDA:22,0,1,0
BRDA:24,1,0,0
BRDA:24,1,1,0
BRF:4
BRH:0
end_of_record
TN:
SF:validation/workout.js
FN:7,checkRegistrationFields
FNF:1
FNH:0
FNDA:0,checkRegistrationFields
DA:4,3
DA:5,3
DA:7,3
DA:9,0
DA:22,0
DA:26,0
DA:27,0
DA:28,0
DA:29,0
DA:30,0
DA:32,0
DA:33,0
DA:34,0
DA:35,0
DA:36,0
DA:37,0
DA:38,0
DA:39,0
DA:40,0
DA:41,0
DA:43,0
LF:21
LH:3
BRDA:26,0,0,0
BRDA:26,0,1,0
BRDA:27,1,0,0
BRDA:27,1,1,0
BRDA:28,2,0,0
BRDA:28,2,1,0
BRDA:29,3,0,0
BRDA:29,3,1,0
BRDA:30,4,0,0
BRDA:30,4,1,0
BRDA:32,5,0,0
BRDA:32,5,1,0
BRDA:34,6,0,0
BRDA:34,6,1,0
BRDA:36,7,0,0
BRDA:36,7,1,0
BRDA:38,8,0,0
BRDA:38,8,1,0
BRDA:40,9,0,0
BRDA:40,9,1,0
BRF:20
BRH:0
end_of_record
TN:
SF:validation/middleware/login-middleware.js
FN:3,(anonymous_0)
FNF:1
FNH:1
FNDA:2,(anonymous_0)
DA:1,3
DA:3,3
DA:4,2
DA:7,2
DA:8,0
DA:10,2
LF:6
LH:5
BRDA:7,0,0,0
BRDA:7,0,1,2
BRF:2
BRH:1
end_of_record
TN:
SF:validation/middleware/registration-middleware.js
FN:3,(anonymous_0)
FNF:1
FNH:1
FNDA:1,(anonymous_0)
DA:1,3
DA:3,3
DA:4,1
DA:5,1
DA:8,1
DA:9,0
DA:11,1
LF:7
LH:6
BRDA:8,0,0,0
BRDA:8,0,1,1
BRF:2
BRH:1
end_of_record
TN:
SF:validation/middleware/restricted-middlware.js
FN:3,(anonymous_0)
FNF:1
FNH:1
FNDA:4,(anonymous_0)
DA:1,3
DA:3,3
DA:4,4
DA:5,4
DA:7,4
DA:9,3
DA:10,3
DA:11,3
DA:13,0
LF:9
LH:8
BRDA:9,0,0,3
BRDA:9,0,1,0
BRDA:9,1,0,3
BRDA:9,1,1,3
BRF:4
BRH:3
end_of_record
TN:
SF:validation/middleware/routine-middleware.js
FN:3,(anonymous_0)
FNF:1
FNH:0
FNDA:0,(anonymous_0)
DA:1,3
DA:3,3
DA:4,0
DA:5,0
DA:8,0
DA:9,0
DA:11,0
LF:7
LH:2
BRDA:8,0,0,0
BRDA:8,0,1,0
BRF:2
BRH:0
end_of_record
TN:
SF:validation/middleware/workout-middleware.js
FN:3,(anonymous_0)
FNF:1
FNH:0
FNDA:0,(anonymous_0)
DA:1,3
DA:3,3
DA:4,0
DA:5,0
DA:8,0
DA:9,0
DA:11,0
LF:7
LH:2
BRDA:8,0,0,0
BRDA:8,0,1,0
BRF:2
BRH:0
end_of_record
