TN:
SF:index.js
FN:5,(anonymous_0)
FNF:1
FNH:0
FNDA:0,(anonymous_0)
DA:1,0
DA:2,0
DA:4,0
DA:5,0
DA:6,0
LF:5
LH:0
BRDA:4,0,0,0
BRDA:4,0,1,0
BRF:2
BRH:0
end_of_record
TN:
SF:jest.config.js
FNF:0
FNH:0
DA:4,0
LF:1
LH:0
BRF:0
BRH:0
end_of_record
TN:
SF:knexfile.js
FN:4,(anonymous_0)
FNF:1
FNH:0
FNDA:0,(anonymous_0)
DA:2,2
DA:3,2
DA:4,2
DA:6,2
LF:4
LH:4
BRF:0
BRH:0
end_of_record
TN:
SF:server.js
FNF:0
FNH:0
DA:2,2
DA:3,2
DA:4,2
DA:7,2
DA:9,2
DA:10,2
DA:11,2
DA:14,2
DA:15,2
DA:16,2
DA:17,2
DA:18,2
DA:19,2
DA:20,2
DA:21,2
DA:22,2
DA:23,2
DA:24,2
DA:25,2
DA:29,2
DA:32,2
DA:35,2
DA:36,2
DA:37,2
DA:38,2
DA:39,2
DA:40,2
DA:41,2
DA:42,2
DA:43,2
DA:45,2
LF:31
LH:31
BRF:0
BRH:0
end_of_record
TN:
SF:api\models\commentModel.js
FN:3,add
FN:8,remove
FN:14,getById
FN:18,getNumberOfComments
FN:22,getAllByEntityId
FN:39,recursiveDownComments
FN:45,(anonymous_6)
FN:53,getAllByUserId
FNF:8
FNH:0
FNDA:0,add
FNDA:0,remove
FNDA:0,getById
FNDA:0,getNumberOfComments
FNDA:0,getAllByEntityId
FNDA:0,recursiveDownComments
FNDA:0,(anonymous_6)
FNDA:0,getAllByUserId
DA:1,2
DA:4,0
DA:5,0
DA:9,0
DA:11,0
DA:15,0
DA:19,0
DA:23,0
DA:24,0
DA:25,0
DA:26,0
DA:27,0
DA:28,0
DA:29,0
DA:30,0
DA:31,0
DA:32,0
DA:34,0
DA:36,0
DA:40,0
DA:41,0
DA:42,0
DA:43,0
DA:44,0
DA:45,0
DA:46,0
DA:49,0
DA:54,0
DA:57,2
LF:29
LH:2
BRDA:26,0,0,0
BRDA:26,0,1,0
BRDA:31,1,0,0
BRDA:31,1,1,0
BRDA:31,2,0,0
BRDA:31,2,1,0
BRDA:44,3,0,0
BRDA:44,3,1,0
BRDA:44,4,0,0
BRDA:44,4,1,0
BRF:10
BRH:0
end_of_record
TN:
SF:api\models\dietModel.js
FN:12,add
FN:17,findById
FN:21,getAllPublic
FN:26,getAll
FN:48,update
FN:52,remove
FNF:6
FNH:0
FNDA:0,add
FNDA:0,findById
FNDA:0,getAllPublic
FNDA:0,getAll
FNDA:0,update
FNDA:0,remove
DA:1,2
DA:3,2
DA:13,0
DA:14,0
DA:18,0
DA:22,0
DA:27,0
DA:49,0
DA:53,0
DA:55,0
LF:10
LH:2
BRF:0
BRH:0
end_of_record
TN:
SF:api\models\entityModel.js
FN:12,getPublic
FN:14,(anonymous_1)
FN:67,getEntityById
FN:105,getUserByEntityId
FNF:4
FNH:0
FNDA:0,getPublic
FNDA:0,(anonymous_1)
FNDA:0,getEntityById
FNDA:0,getUserByEntityId
DA:1,2
DA:2,2
DA:4,2
DA:13,0
DA:14,0
DA:15,0
DA:16,0
DA:17,0
DA:19,0
DA:20,0
DA:21,0
DA:23,0
DA:24,0
DA:26,0
DA:28,0
DA:29,0
DA:30,0
DA:32,0
DA:33,0
DA:35,0
DA:37,0
DA:38,0
DA:39,0
DA:41,0
DA:42,0
DA:44,0
DA:46,0
DA:47,0
DA:48,0
DA:50,0
DA:51,0
DA:54,0
DA:57,0
DA:59,0
DA:60,0
DA:64,0
DA:70,0
DA:71,0
DA:72,0
DA:74,0
DA:75,0
DA:76,0
DA:77,0
DA:79,0
DA:80,0
DA:81,0
DA:82,0
DA:84,0
DA:85,0
DA:86,0
DA:87,0
DA:89,0
DA:90,0
DA:91,0
DA:92,0
DA:94,0
DA:95,0
DA:96,0
DA:97,0
DA:99,0
DA:102,0
DA:106,0
DA:107,0
DA:109,0
DA:113,2
LF:65
LH:4
BRDA:17,0,0,0
BRDA:17,0,1,0
BRDA:17,0,2,0
BRDA:17,0,3,0
BRDA:17,0,4,0
BRDA:17,0,5,0
BRDA:20,1,0,0
BRDA:20,1,1,0
BRDA:20,2,0,0
BRDA:20,2,1,0
BRDA:29,3,0,0
BRDA:29,3,1,0
BRDA:29,4,0,0
BRDA:29,4,1,0
BRDA:38,5,0,0
BRDA:38,5,1,0
BRDA:38,6,0,0
BRDA:38,6,1,0
BRDA:47,7,0,0
BRDA:47,7,1,0
BRDA:47,8,0,0
BRDA:47,8,1,0
BRDA:72,9,0,0
BRDA:72,9,1,0
BRDA:72,9,2,0
BRDA:72,9,3,0
BRDA:72,9,4,0
BRDA:72,9,5,0
BRF:28
BRH:0
end_of_record
TN:
SF:api\models\followModel.js
FN:3,add
FN:9,remove
FN:13,getFollowing
FN:17,getNumberOfFollowing
FN:21,getFollowers
FN:25,getNumberOfFollowers
FNF:6
FNH:0
FNDA:0,add
FNDA:0,remove
FNDA:0,getFollowing
FNDA:0,getNumberOfFollowing
FNDA:0,getFollowers
FNDA:0,getNumberOfFollowers
DA:1,2
DA:4,0
DA:6,0
DA:10,0
DA:14,0
DA:18,0
DA:22,0
DA:26,0
DA:30,2
LF:9
LH:2
BRF:0
BRH:0
end_of_record
TN:
SF:api\models\likeModel.js
FN:3,addLike
FN:7,getLikes
FN:11,getNumberOfLikes
FN:15,removeLikes
FN:22,getLikedByUser
FNF:5
FNH:0
FNDA:0,addLike
FNDA:0,getLikes
FNDA:0,getNumberOfLikes
FNDA:0,removeLikes
FNDA:0,getLikedByUser
DA:1,2
DA:4,0
DA:8,0
DA:12,0
DA:16,0
DA:23,0
DA:26,2
LF:7
LH:2
BRF:0
BRH:0
end_of_record
TN:
SF:api\models\mealplanModel.js
FN:13,getMealplans
FN:17,(anonymous_1)
FN:42,getMealplan
FN:76,addMealplan
FN:86,addFoodToMealplan
FN:93,updateMealplan
FN:100,removeMealplan
FN:110,removeFoodInMealplan
FNF:8
FNH:0
FNDA:0,getMealplans
FNDA:0,(anonymous_1)
FNDA:0,getMealplan
FNDA:0,addMealplan
FNDA:0,addFoodToMealplan
FNDA:0,updateMealplan
FNDA:0,removeMealplan
FNDA:0,removeFoodInMealplan
DA:1,2
DA:3,2
DA:14,0
DA:17,0
DA:18,0
DA:39,0
DA:43,0
DA:63,0
DA:65,0
DA:70,0
DA:71,0
DA:73,0
DA:77,0
DA:79,0
DA:82,0
DA:87,0
DA:90,0
DA:94,0
DA:102,0
DA:106,0
DA:111,0
DA:115,0
DA:116,0
DA:121,0
LF:24
LH:2
BRDA:115,0,0,0
BRDA:115,0,1,0
BRF:2
BRH:0
end_of_record
TN:
SF:api\models\routineModel.js
FN:3,getRoutines
FN:9,(anonymous_1)
FN:29,getRoutine
FN:59,addRoutine
FN:66,addWorkoutToRoutine
FN:72,editRoutine
FN:78,deleteRoutine
FN:84,deleteWorkoutInRoutine
FNF:8
FNH:0
FNDA:0,getRoutines
FNDA:0,(anonymous_1)
FNDA:0,getRoutine
FNDA:0,addRoutine
FNDA:0,addWorkoutToRoutine
FNDA:0,editRoutine
FNDA:0,deleteRoutine
FNDA:0,deleteWorkoutInRoutine
DA:1,2
DA:4,0
DA:9,0
DA:10,0
DA:26,0
DA:30,0
DA:45,0
DA:47,0
DA:52,0
DA:54,0
DA:56,0
DA:60,0
DA:61,0
DA:63,0
DA:67,0
DA:69,0
DA:73,0
DA:75,0
DA:79,0
DA:81,0
DA:85,0
DA:87,0
DA:88,0
DA:90,0
DA:94,2
LF:25
LH:2
BRDA:87,0,0,0
BRDA:87,0,1,0
BRF:2
BRH:0
end_of_record
TN:
SF:api\models\userModel.js
FN:3,getUsers
FN:7,add
FN:13,findById
FN:21,updateUser
FN:25,deleteUser
FN:34,findBy
FNF:6
FNH:3
FNDA:0,getUsers
FNDA:2,add
FNDA:1,findById
FNDA:0,updateUser
FNDA:0,deleteUser
FNDA:3,findBy
DA:1,2
DA:4,0
DA:8,2
DA:10,1
DA:14,1
DA:22,0
DA:26,0
DA:35,3
DA:39,2
LF:9
LH:6
BRF:0
BRH:0
end_of_record
TN:
SF:api\models\workoutModel.js
FN:3,getPublicWorkouts
FN:8,getWorkoutsByUser
FN:24,getWorkoutById
FN:29,addWorkout
FN:36,editWorkout
FN:44,deleteWorkout
FNF:6
FNH:0
FNDA:0,getPublicWorkouts
FNDA:0,getWorkoutsByUser
FNDA:0,getWorkoutById
FNDA:0,addWorkout
FNDA:0,editWorkout
FNDA:0,deleteWorkout
DA:1,2
DA:4,0
DA:9,0
DA:25,0
DA:30,0
DA:31,0
DA:33,0
DA:37,0
DA:41,0
DA:45,0
DA:48,0
DA:52,2
LF:12
LH:2
BRF:0
BRH:0
end_of_record
TN:
SF:api\routes\commentsRoute.js
FN:7,(anonymous_0)
FN:11,(anonymous_1)
FN:14,(anonymous_2)
FN:20,(anonymous_3)
FN:24,(anonymous_4)
FN:27,(anonymous_5)
FN:33,(anonymous_6)
FN:37,(anonymous_7)
FN:40,(anonymous_8)
FN:46,(anonymous_9)
FN:52,(anonymous_10)
FN:55,(anonymous_11)
FN:61,(anonymous_12)
FN:66,(anonymous_13)
FN:69,(anonymous_14)
FNF:15
FNH:0
FNDA:0,(anonymous_0)
FNDA:0,(anonymous_1)
FNDA:0,(anonymous_2)
FNDA:0,(anonymous_3)
FNDA:0,(anonymous_4)
FNDA:0,(anonymous_5)
FNDA:0,(anonymous_6)
FNDA:0,(anonymous_7)
FNDA:0,(anonymous_8)
FNDA:0,(anonymous_9)
FNDA:0,(anonymous_10)
FNDA:0,(anonymous_11)
FNDA:0,(anonymous_12)
FNDA:0,(anonymous_13)
FNDA:0,(anonymous_14)
DA:1,2
DA:2,2
DA:3,2
DA:4,2
DA:7,2
DA:8,0
DA:10,0
DA:12,0
DA:15,0
DA:16,0
DA:20,2
DA:21,0
DA:23,0
DA:25,0
DA:28,0
DA:29,0
DA:33,2
DA:34,0
DA:36,0
DA:38,0
DA:41,0
DA:42,0
DA:46,2
DA:47,0
DA:48,0
DA:49,0
DA:51,0
DA:53,0
DA:56,0
DA:57,0
DA:61,2
DA:62,0
DA:63,0
DA:65,0
DA:67,0
DA:70,0
DA:71,0
DA:75,2
LF:38
LH:10
BRF:0
BRH:0
end_of_record
TN:
SF:api\routes\dietRoute.js
FN:8,(anonymous_0)
FN:10,(anonymous_1)
FN:13,(anonymous_2)
FN:19,(anonymous_3)
FN:23,(anonymous_4)
FN:26,(anonymous_5)
FN:32,(anonymous_6)
FN:36,(anonymous_7)
FN:45,(anonymous_8)
FN:51,(anonymous_9)
FN:56,(anonymous_10)
FN:59,(anonymous_11)
FN:65,(anonymous_12)
FN:71,(anonymous_13)
FN:73,(anonymous_14)
FN:80,(anonymous_15)
FN:86,(anonymous_16)
FN:90,(anonymous_17)
FN:97,(anonymous_18)
FNF:19
FNH:0
FNDA:0,(anonymous_0)
FNDA:0,(anonymous_1)
FNDA:0,(anonymous_2)
FNDA:0,(anonymous_3)
FNDA:0,(anonymous_4)
FNDA:0,(anonymous_5)
FNDA:0,(anonymous_6)
FNDA:0,(anonymous_7)
FNDA:0,(anonymous_8)
FNDA:0,(anonymous_9)
FNDA:0,(anonymous_10)
FNDA:0,(anonymous_11)
FNDA:0,(anonymous_12)
FNDA:0,(anonymous_13)
FNDA:0,(anonymous_14)
FNDA:0,(anonymous_15)
FNDA:0,(anonymous_16)
FNDA:0,(anonymous_17)
FNDA:0,(anonymous_18)
DA:1,2
DA:2,2
DA:3,2
DA:4,2
DA:8,2
DA:9,0
DA:11,0
DA:14,0
DA:19,2
DA:20,0
DA:22,0
DA:24,0
DA:27,0
DA:32,2
DA:33,0
DA:35,0
DA:37,0
DA:38,0
DA:40,0
DA:46,0
DA:51,2
DA:52,0
DA:53,0
DA:55,0
DA:57,0
DA:60,0
DA:65,2
DA:66,0
DA:67,0
DA:68,0
DA:70,0
DA:72,0
DA:73,0
DA:74,0
DA:77,0
DA:81,0
DA:86,2
DA:87,0
DA:89,0
DA:91,0
DA:92,0
DA:94,0
DA:98,0
DA:102,2
LF:44
LH:11
BRDA:37,0,0,0
BRDA:37,0,1,0
BRDA:72,1,0,0
BRDA:72,1,1,0
BRDA:91,2,0,0
BRDA:91,2,1,0
BRF:6
BRH:0
end_of_record
TN:
SF:api\routes\entityRoute.js
FN:11,(anonymous_0)
FN:12,(anonymous_1)
FN:15,(anonymous_2)
FN:20,(anonymous_3)
FN:22,(anonymous_4)
FN:25,(anonymous_5)
FN:30,(anonymous_6)
FN:32,(anonymous_7)
FN:35,(anonymous_8)
FNF:9
FNH:0
FNDA:0,(anonymous_0)
FNDA:0,(anonymous_1)
FNDA:0,(anonymous_2)
FNDA:0,(anonymous_3)
FNDA:0,(anonymous_4)
FNDA:0,(anonymous_5)
FNDA:0,(anonymous_6)
FNDA:0,(anonymous_7)
FNDA:0,(anonymous_8)
DA:1,2
DA:2,2
DA:3,2
DA:6,2
DA:11,2
DA:12,0
DA:13,0
DA:16,0
DA:20,2
DA:21,0
DA:22,0
DA:23,0
DA:26,0
DA:30,2
DA:31,0
DA:32,0
DA:33,0
DA:36,0
DA:40,2
LF:19
LH:8
BRF:0
BRH:0
end_of_record
TN:
SF:api\routes\followRoute.js
FN:6,(anonymous_0)
FN:10,(anonymous_1)
FN:13,(anonymous_2)
FN:18,(anonymous_3)
FN:22,(anonymous_4)
FN:25,(anonymous_5)
FN:30,(anonymous_6)
FN:34,(anonymous_7)
FN:37,(anonymous_8)
FN:42,(anonymous_9)
FN:46,(anonymous_10)
FN:49,(anonymous_11)
FN:54,(anonymous_12)
FN:59,(anonymous_13)
FN:62,(anonymous_14)
FN:67,(anonymous_15)
FN:72,(anonymous_16)
FN:75,(anonymous_17)
FNF:18
FNH:0
FNDA:0,(anonymous_0)
FNDA:0,(anonymous_1)
FNDA:0,(anonymous_2)
FNDA:0,(anonymous_3)
FNDA:0,(anonymous_4)
FNDA:0,(anonymous_5)
FNDA:0,(anonymous_6)
FNDA:0,(anonymous_7)
FNDA:0,(anonymous_8)
FNDA:0,(anonymous_9)
FNDA:0,(anonymous_10)
FNDA:0,(anonymous_11)
FNDA:0,(anonymous_12)
FNDA:0,(anonymous_13)
FNDA:0,(anonymous_14)
FNDA:0,(anonymous_15)
FNDA:0,(anonymous_16)
FNDA:0,(anonymous_17)
DA:1,2
DA:2,2
DA:3,2
DA:4,2
DA:6,2
DA:7,0
DA:9,0
DA:11,0
DA:14,0
DA:18,2
DA:19,0
DA:21,0
DA:23,0
DA:26,0
DA:30,2
DA:31,0
DA:33,0
DA:35,0
DA:38,0
DA:42,2
DA:43,0
DA:45,0
DA:47,0
DA:50,0
DA:54,2
DA:55,0
DA:56,0
DA:58,0
DA:60,0
DA:63,0
DA:67,2
DA:68,0
DA:69,0
DA:71,0
DA:73,0
DA:76,0
DA:80,2
LF:37
LH:11
BRF:0
BRH:0
end_of_record
TN:
SF:api\routes\likeRoute.js
FN:6,(anonymous_0)
FN:11,(anonymous_1)
FN:14,(anonymous_2)
FN:20,(anonymous_3)
FN:24,(anonymous_4)
FN:27,(anonymous_5)
FN:33,(anonymous_6)
FN:37,(anonymous_7)
FN:40,(anonymous_8)
FN:45,(anonymous_9)
FN:50,(anonymous_10)
FN:53,(anonymous_11)
FNF:12
FNH:0
FNDA:0,(anonymous_0)
FNDA:0,(anonymous_1)
FNDA:0,(anonymous_2)
FNDA:0,(anonymous_3)
FNDA:0,(anonymous_4)
FNDA:0,(anonymous_5)
FNDA:0,(anonymous_6)
FNDA:0,(anonymous_7)
FNDA:0,(anonymous_8)
FNDA:0,(anonymous_9)
FNDA:0,(anonymous_10)
FNDA:0,(anonymous_11)
DA:1,2
DA:2,2
DA:3,2
DA:4,2
DA:6,2
DA:7,0
DA:8,0
DA:10,0
DA:12,0
DA:15,0
DA:16,0
DA:20,2
DA:21,0
DA:23,0
DA:25,0
DA:28,0
DA:29,0
DA:33,2
DA:34,0
DA:36,0
DA:38,0
DA:41,0
DA:45,2
DA:46,0
DA:47,0
DA:49,0
DA:51,0
DA:54,0
DA:60,2
LF:29
LH:9
BRF:0
BRH:0
end_of_record
TN:
SF:api\routes\mainRoute.js
FN:7,(anonymous_0)
FNF:1
FNH:0
FNDA:0,(anonymous_0)
DA:2,2
DA:5,2
DA:7,2
DA:8,0
DA:12,2
LF:5
LH:4
BRF:0
BRH:0
end_of_record
TN:
SF:api\routes\mealplanRoute.js
FN:7,(anonymous_0)
FN:11,(anonymous_1)
FN:14,(anonymous_2)
FN:19,(anonymous_3)
FN:24,(anonymous_4)
FN:27,(anonymous_5)
FN:32,(anonymous_6)
FN:37,(anonymous_7)
FN:40,(anonymous_8)
FN:45,(anonymous_9)
FN:53,(anonymous_10)
FN:56,(anonymous_11)
FN:61,(anonymous_12)
FN:67,(anonymous_13)
FN:70,(anonymous_14)
FN:75,(anonymous_15)
FN:80,(anonymous_16)
FN:83,(anonymous_17)
FN:88,(anonymous_18)
FN:94,(anonymous_19)
FN:97,(anonymous_20)
FNF:21
FNH:0
FNDA:0,(anonymous_0)
FNDA:0,(anonymous_1)
FNDA:0,(anonymous_2)
FNDA:0,(anonymous_3)
FNDA:0,(anonymous_4)
FNDA:0,(anonymous_5)
FNDA:0,(anonymous_6)
FNDA:0,(anonymous_7)
FNDA:0,(anonymous_8)
FNDA:0,(anonymous_9)
FNDA:0,(anonymous_10)
FNDA:0,(anonymous_11)
FNDA:0,(anonymous_12)
FNDA:0,(anonymous_13)
FNDA:0,(anonymous_14)
FNDA:0,(anonymous_15)
FNDA:0,(anonymous_16)
FNDA:0,(anonymous_17)
FNDA:0,(anonymous_18)
FNDA:0,(anonymous_19)
FNDA:0,(anonymous_20)
DA:1,2
DA:2,2
DA:4,2
DA:5,2
DA:7,2
DA:8,0
DA:10,0
DA:12,0
DA:15,0
DA:19,2
DA:20,0
DA:21,0
DA:23,0
DA:25,0
DA:28,0
DA:32,2
DA:33,0
DA:34,0
DA:36,0
DA:38,0
DA:41,0
DA:45,2
DA:46,0
DA:47,0
DA:48,0
DA:50,0
DA:52,0
DA:54,0
DA:57,0
DA:61,2
DA:62,0
DA:63,0
DA:64,0
DA:66,0
DA:68,0
DA:71,0
DA:75,2
DA:76,0
DA:77,0
DA:79,0
DA:81,0
DA:84,0
DA:88,2
DA:89,0
DA:90,0
DA:91,0
DA:93,0
DA:95,0
DA:98,0
DA:102,2
LF:50
LH:12
BRF:0
BRH:0
end_of_record
TN:
SF:api\routes\registrationRoute.js
FN:12,(anonymous_0)
FN:18,(anonymous_1)
FN:21,(anonymous_2)
FN:26,(anonymous_3)
FN:30,(anonymous_4)
FN:44,(anonymous_5)
FNF:6
FNH:5
FNDA:2,(anonymous_0)
FNDA:1,(anonymous_1)
FNDA:1,(anonymous_2)
FNDA:3,(anonymous_3)
FNDA:3,(anonymous_4)
FNDA:0,(anonymous_5)
DA:1,2
DA:2,2
DA:3,2
DA:5,2
DA:7,2
DA:8,2
DA:10,2
DA:12,2
DA:13,2
DA:15,2
DA:17,2
DA:19,1
DA:22,1
DA:26,2
DA:27,3
DA:29,3
DA:31,3
DA:32,2
DA:34,2
DA:39,1
DA:45,0
DA:49,2
LF:22
LH:21
BRDA:31,0,0,2
BRDA:31,0,1,1
BRDA:31,1,0,3
BRDA:31,1,1,2
BRF:4
BRH:4
end_of_record
TN:
SF:api\routes\routineRoutes.js
FN:9,(anonymous_0)
FN:13,(anonymous_1)
FN:16,(anonymous_2)
FN:22,(anonymous_3)
FN:27,(anonymous_4)
FN:30,(anonymous_5)
FN:35,(anonymous_6)
FN:40,(anonymous_7)
FN:43,(anonymous_8)
FN:49,(anonymous_9)
FN:57,(anonymous_10)
FN:60,(anonymous_11)
FN:66,(anonymous_12)
FN:72,(anonymous_13)
FN:75,(anonymous_14)
FN:80,(anonymous_15)
FN:85,(anonymous_16)
FN:88,(anonymous_17)
FN:93,(anonymous_18)
FN:99,(anonymous_19)
FN:102,(anonymous_20)
FNF:21
FNH:0
FNDA:0,(anonymous_0)
FNDA:0,(anonymous_1)
FNDA:0,(anonymous_2)
FNDA:0,(anonymous_3)
FNDA:0,(anonymous_4)
FNDA:0,(anonymous_5)
FNDA:0,(anonymous_6)
FNDA:0,(anonymous_7)
FNDA:0,(anonymous_8)
FNDA:0,(anonymous_9)
FNDA:0,(anonymous_10)
FNDA:0,(anonymous_11)
FNDA:0,(anonymous_12)
FNDA:0,(anonymous_13)
FNDA:0,(anonymous_14)
FNDA:0,(anonymous_15)
FNDA:0,(anonymous_16)
FNDA:0,(anonymous_17)
FNDA:0,(anonymous_18)
FNDA:0,(anonymous_19)
FNDA:0,(anonymous_20)
DA:1,2
DA:2,2
DA:5,2
DA:7,2
DA:9,2
DA:10,0
DA:12,0
DA:14,0
DA:17,0
DA:18,0
DA:22,2
DA:23,0
DA:24,0
DA:26,0
DA:28,0
DA:31,0
DA:35,2
DA:36,0
DA:37,0
DA:39,0
DA:41,0
DA:44,0
DA:45,0
DA:49,2
DA:50,0
DA:51,0
DA:52,0
DA:54,0
DA:56,0
DA:58,0
DA:61,0
DA:62,0
DA:66,2
DA:67,0
DA:68,0
DA:69,0
DA:71,0
DA:73,0
DA:76,0
DA:80,2
DA:81,0
DA:82,0
DA:84,0
DA:86,0
DA:89,0
DA:93,2
DA:94,0
DA:95,0
DA:96,0
DA:98,0
DA:100,0
DA:103,0
DA:107,2
LF:53
LH:12
BRF:0
BRH:0
end_of_record
TN:
SF:api\routes\userRoutes.js
FN:8,(anonymous_0)
FN:10,(anonymous_1)
FN:13,(anonymous_2)
FN:21,(anonymous_3)
FN:24,(anonymous_4)
FN:31,(anonymous_5)
FN:38,(anonymous_6)
FN:42,(anonymous_7)
FN:49,(anonymous_8)
FN:55,(anonymous_9)
FN:58,(anonymous_10)
FN:61,(anonymous_11)
FNF:12
FNH:0
FNDA:0,(anonymous_0)
FNDA:0,(anonymous_1)
FNDA:0,(anonymous_2)
FNDA:0,(anonymous_3)
FNDA:0,(anonymous_4)
FNDA:0,(anonymous_5)
FNDA:0,(anonymous_6)
FNDA:0,(anonymous_7)
FNDA:0,(anonymous_8)
FNDA:0,(anonymous_9)
FNDA:0,(anonymous_10)
FNDA:0,(anonymous_11)
DA:1,2
DA:2,2
DA:5,2
DA:8,2
DA:9,0
DA:11,0
DA:14,0
DA:21,2
DA:22,0
DA:23,0
DA:25,0
DA:26,0
DA:28,0
DA:32,0
DA:33,0
DA:38,2
DA:39,0
DA:40,0
DA:41,0
DA:43,0
DA:44,0
DA:46,0
DA:50,0
DA:55,2
DA:56,0
DA:57,0
DA:59,0
DA:62,0
DA:66,2
LF:29
LH:8
BRDA:25,0,0,0
BRDA:25,0,1,0
BRDA:43,1,0,0
BRDA:43,1,1,0
BRF:4
BRH:0
end_of_record
TN:
SF:api\routes\workoutRoutes.js
FN:8,(anonymous_0)
FN:10,(anonymous_1)
FN:13,(anonymous_2)
FN:18,(anonymous_3)
FN:22,(anonymous_4)
FN:25,(anonymous_5)
FN:30,(anonymous_6)
FN:34,(anonymous_7)
FN:41,(anonymous_8)
FN:46,(anonymous_9)
FN:51,(anonymous_10)
FN:54,(anonymous_11)
FN:60,(anonymous_12)
FN:66,(anonymous_13)
FN:69,(anonymous_14)
FN:74,(anonymous_15)
FN:79,(anonymous_16)
FN:82,(anonymous_17)
FNF:18
FNH:0
FNDA:0,(anonymous_0)
FNDA:0,(anonymous_1)
FNDA:0,(anonymous_2)
FNDA:0,(anonymous_3)
FNDA:0,(anonymous_4)
FNDA:0,(anonymous_5)
FNDA:0,(anonymous_6)
FNDA:0,(anonymous_7)
FNDA:0,(anonymous_8)
FNDA:0,(anonymous_9)
FNDA:0,(anonymous_10)
FNDA:0,(anonymous_11)
FNDA:0,(anonymous_12)
FNDA:0,(anonymous_13)
FNDA:0,(anonymous_14)
FNDA:0,(anonymous_15)
FNDA:0,(anonymous_16)
FNDA:0,(anonymous_17)
DA:1,2
DA:2,2
DA:3,2
DA:6,2
DA:8,2
DA:9,0
DA:11,0
DA:14,0
DA:18,2
DA:19,0
DA:21,0
DA:23,0
DA:26,0
DA:30,2
DA:31,0
DA:32,0
DA:33,0
DA:35,0
DA:36,0
DA:38,0
DA:42,0
DA:46,2
DA:47,0
DA:48,0
DA:50,0
DA:52,0
DA:55,0
DA:56,0
DA:60,2
DA:61,0
DA:62,0
DA:63,0
DA:65,0
DA:67,0
DA:70,0
DA:74,2
DA:75,0
DA:76,0
DA:78,0
DA:80,0
DA:83,0
DA:87,2
LF:42
LH:11
BRDA:35,0,0,0
BRDA:35,0,1,0
BRF:2
BRH:0
end_of_record
TN:
SF:database\connection.js
FNF:0
FNH:0
DA:1,2
DA:2,2
DA:3,2
DA:4,2
DA:6,2
LF:5
LH:5
BRDA:4,0,0,2
BRDA:4,0,1,0
BRF:2
BRH:1
end_of_record
TN:
SF:database\migrations\20200421173510_create-tables.js
FN:1,(anonymous_0)
FN:3,(anonymous_1)
FN:17,(anonymous_2)
FN:31,(anonymous_3)
FN:55,(anonymous_4)
FN:75,(anonymous_5)
FN:92,(anonymous_6)
FN:122,(anonymous_7)
FN:141,(anonymous_8)
FN:158,(anonymous_9)
FN:178,(anonymous_10)
FN:183,(anonymous_11)
FN:203,(anonymous_12)
FN:223,(anonymous_13)
FN:243,(anonymous_14)
FN:273,(anonymous_15)
FNF:16
FNH:0
FNDA:0,(anonymous_0)
FNDA:0,(anonymous_1)
FNDA:0,(anonymous_2)
FNDA:0,(anonymous_3)
FNDA:0,(anonymous_4)
FNDA:0,(anonymous_5)
FNDA:0,(anonymous_6)
FNDA:0,(anonymous_7)
FNDA:0,(anonymous_8)
FNDA:0,(anonymous_9)
FNDA:0,(anonymous_10)
FNDA:0,(anonymous_11)
FNDA:0,(anonymous_12)
FNDA:0,(anonymous_13)
FNDA:0,(anonymous_14)
FNDA:0,(anonymous_15)
DA:1,0
DA:2,0
DA:4,0
DA:5,0
DA:6,0
DA:7,0
DA:8,0
DA:9,0
DA:10,0
DA:11,0
DA:12,0
DA:13,0
DA:14,0
DA:15,0
DA:18,0
DA:19,0
DA:27,0
DA:29,0
DA:32,0
DA:33,0
DA:34,0
DA:35,0
DA:36,0
DA:37,0
DA:38,0
DA:39,0
DA:40,0
DA:47,0
DA:56,0
DA:57,0
DA:58,0
DA:65,0
DA:72,0
DA:76,0
DA:77,0
DA:84,0
DA:93,0
DA:94,0
DA:95,0
DA:96,0
DA:97,0
DA:98,0
DA:99,0
DA:100,0
DA:101,0
DA:102,0
DA:103,0
DA:104,0
DA:105,0
DA:106,0
DA:107,0
DA:114,0
DA:123,0
DA:124,0
DA:125,0
DA:132,0
DA:139,0
DA:142,0
DA:149,0
DA:159,0
DA:160,0
DA:161,0
DA:169,0
DA:179,0
DA:180,0
DA:181,0
DA:184,0
DA:185,0
DA:193,0
DA:201,0
DA:204,0
DA:205,0
DA:213,0
DA:221,0
DA:224,0
DA:225,0
DA:233,0
DA:241,0
DA:244,0
DA:252,0
DA:260,0
DA:268,0
DA:269,0
DA:273,0
DA:274,0
LF:85
LH:0
BRF:0
BRH:0
end_of_record
TN:
SF:database\seeds\00-cleanup.js
FN:3,(anonymous_0)
FNF:1
FNH:1
FNDA:2,(anonymous_0)
DA:1,2
DA:3,2
DA:4,2
LF:3
LH:3
BRF:0
BRH:0
end_of_record
TN:
SF:database\seeds\01-users.js
FN:3,encrypt
FN:7,(anonymous_1)
FNF:2
FNH:2
FNDA:16,encrypt
FNDA:2,(anonymous_1)
DA:1,2
DA:4,16
DA:7,2
DA:8,2
LF:4
LH:4
BRF:0
BRH:0
end_of_record
TN:
SF:database\seeds\02-entity.js
FN:1,(anonymous_0)
FNF:1
FNH:1
FNDA:1,(anonymous_0)
DA:1,2
DA:2,1
LF:2
LH:2
BRF:0
BRH:0
end_of_record
TN:
SF:database\seeds\03-workouts.js
FN:1,(anonymous_0)
FNF:1
FNH:1
FNDA:1,(anonymous_0)
DA:1,2
DA:2,1
LF:2
LH:2
BRF:0
BRH:0
end_of_record
TN:
SF:database\seeds\04-diets.js
FN:1,(anonymous_0)
FN:4,(anonymous_1)
FNF:2
FNH:2
FNDA:1,(anonymous_0)
FNDA:1,(anonymous_1)
DA:1,2
DA:2,1
DA:5,1
LF:3
LH:3
BRF:0
BRH:0
end_of_record
TN:
SF:database\seeds\05-routines.js
FN:1,(anonymous_0)
FNF:1
FNH:1
FNDA:1,(anonymous_0)
DA:1,2
DA:2,1
LF:2
LH:2
BRF:0
BRH:0
end_of_record
TN:
SF:database\seeds\06-connector.js
FN:1,(anonymous_0)
FNF:1
FNH:1
FNDA:1,(anonymous_0)
DA:1,2
DA:2,1
LF:2
LH:2
BRF:0
BRH:0
end_of_record
TN:
SF:database\seeds\07-comments.js
FN:1,(anonymous_0)
FNF:1
FNH:1
FNDA:1,(anonymous_0)
DA:1,2
DA:2,1
LF:2
LH:2
BRF:0
BRH:0
end_of_record
TN:
SF:database\seeds\08-mealplans.js
FN:1,(anonymous_0)
FN:4,(anonymous_1)
FNF:2
FNH:2
FNDA:1,(anonymous_0)
FNDA:1,(anonymous_1)
DA:1,2
DA:2,1
DA:5,1
LF:3
LH:3
BRF:0
BRH:0
end_of_record
TN:
SF:database\seeds\09-dietmealbridge.js
FN:1,(anonymous_0)
FN:4,(anonymous_1)
FNF:2
FNH:2
FNDA:1,(anonymous_0)
FNDA:1,(anonymous_1)
DA:1,2
DA:2,1
DA:5,1
LF:3
LH:3
BRF:0
BRH:0
end_of_record
TN:
SF:utilities\jwt.js
FN:4,generateToken
FN:22,verifyToken
FNF:2
FNH:2
FNDA:2,generateToken
FNDA:2,verifyToken
DA:1,2
DA:2,2
DA:6,2
DA:11,2
DA:19,2
DA:24,2
DA:32,2
DA:35,2
LF:8
LH:8
BRF:0
BRH:0
end_of_record
TN:
SF:utilities\secrets.js
FNF:0
FNH:0
DA:1,2
DA:3,2
LF:2
LH:2
BRDA:4,0,0,2
BRDA:4,0,1,0
BRDA:5,1,0,2
BRDA:5,1,1,0
BRF:4
BRH:2
end_of_record
TN:
SF:validation\checkForEmpty.js
FN:1,(anonymous_0)
FNF:1
FNH:1
FNDA:17,(anonymous_0)
DA:1,2
DA:2,17
DA:3,17
DA:4,17
DA:8,6
DA:10,17
DA:12,0
DA:16,2
LF:8
LH:7
BRDA:4,0,0,6
BRDA:4,0,1,11
BRDA:4,1,0,17
BRDA:4,1,1,16
BRDA:4,1,2,16
BRDA:4,1,3,11
BRDA:4,1,4,16
BRDA:4,1,5,5
BRF:8
BRH:8
end_of_record
TN:
SF:validation\diet.js
FN:7,checkRegistrationFields
FNF:1
FNH:0
FNDA:0,checkRegistrationFields
DA:4,2
DA:5,2
DA:7,2
DA:9,0
DA:11,0
DA:15,0
DA:16,0
DA:17,0
DA:18,0
DA:19,0
DA:20,0
DA:21,0
DA:22,0
DA:23,0
DA:24,0
DA:26,0
DA:27,0
DA:28,0
DA:29,0
DA:30,0
DA:31,0
DA:32,0
DA:33,0
DA:34,0
DA:35,0
DA:36,0
DA:37,0
DA:38,0
DA:39,0
DA:40,0
DA:41,0
DA:42,0
DA:43,0
DA:44,0
DA:45,0
DA:47,0
LF:36
LH:3
BRDA:15,0,0,0
BRDA:15,0,1,0
BRDA:16,1,0,0
BRDA:16,1,1,0
BRDA:17,2,0,0
BRDA:17,2,1,0
BRDA:18,3,0,0
BRDA:18,3,1,0
BRDA:19,4,0,0
BRDA:19,4,1,0
BRDA:20,5,0,0
BRDA:20,5,1,0
BRDA:21,6,0,0
BRDA:21,6,1,0
BRDA:22,7,0,0
BRDA:22,7,1,0
BRDA:23,8,0,0
BRDA:23,8,1,0
BRDA:24,9,0,0
BRDA:24,9,1,0
BRDA:26,10,0,0
BRDA:26,10,1,0
BRDA:28,11,0,0
BRDA:28,11,1,0
BRDA:30,12,0,0
BRDA:30,12,1,0
BRDA:32,13,0,0
BRDA:32,13,1,0
BRDA:34,14,0,0
BRDA:34,14,1,0
BRDA:36,15,0,0
BRDA:36,15,1,0
BRDA:38,16,0,0
BRDA:38,16,1,0
BRDA:40,17,0,0
BRDA:40,17,1,0
BRDA:42,18,0,0
BRDA:42,18,1,0
BRDA:44,19,0,0
BRDA:44,19,1,0
BRF:40
BRH:0
end_of_record
TN:
SF:validation\login.js
FN:4,validateLoginInput
FNF:1
FNH:1
FNDA:3,validateLoginInput
DA:1,2
DA:2,2
DA:4,2
DA:5,3
DA:7,3
DA:9,3
DA:10,3
DA:12,3
DA:13,0
DA:15,3
DA:16,0
DA:19,3
LF:12
LH:10
BRDA:9,0,0,3
BRDA:9,0,1,0
BRDA:10,1,0,3
BRDA:10,1,1,0
BRDA:12,2,0,0
BRDA:12,2,1,3
BRDA:15,3,0,0
BRDA:15,3,1,3
BRF:8
BRH:4
end_of_record
TN:
SF:validation\mealplan.js
FN:4,checkRegistrationFields
FNF:1
FNH:0
FNDA:0,checkRegistrationFields
DA:1,2
DA:2,2
DA:4,2
DA:6,0
DA:8,0
DA:12,0
DA:14,0
DA:15,0
DA:17,0
LF:9
LH:3
BRDA:12,0,0,0
BRDA:12,0,1,0
BRDA:14,1,0,0
BRDA:14,1,1,0
BRF:4
BRH:0
end_of_record
TN:
SF:validation\regex.js
FNF:0
FNH:0
DA:1,2
DA:2,2
DA:3,2
DA:4,2
DA:6,2
LF:5
LH:5
BRF:0
BRH:0
end_of_record
TN:
SF:validation\register.js
FN:4,checkRegistrationFields
FNF:1
FNH:1
FNDA:2,checkRegistrationFields
DA:1,2
DA:2,2
DA:4,2
DA:6,2
DA:8,2
DA:10,2
DA:11,2
DA:12,2
DA:14,2
DA:15,0
DA:17,2
DA:18,0
DA:20,2
DA:21,0
DA:24,2
LF:15
LH:12
BRDA:10,0,0,2
BRDA:10,0,1,0
BRDA:11,1,0,2
BRDA:11,1,1,0
BRDA:12,2,0,1
BRDA:12,2,1,1
BRDA:14,3,0,0
BRDA:14,3,1,2
BRDA:17,4,0,0
BRDA:17,4,1,2
BRDA:20,5,0,0
BRDA:20,5,1,2
BRF:12
BRH:7
end_of_record
TN:
SF:validation\routine.js
FN:4,checkRegistrationFields
FNF:1
FNH:0
FNDA:0,checkRegistrationFields
DA:1,2
DA:2,2
DA:4,2
DA:6,0
DA:18,0
DA:22,0
DA:24,0
DA:25,0
DA:27,0
LF:9
LH:3
BRDA:22,0,0,0
BRDA:22,0,1,0
BRDA:24,1,0,0
BRDA:24,1,1,0
BRF:4
BRH:0
end_of_record
TN:
SF:validation\workout.js
FN:7,checkRegistrationFields
FNF:1
FNH:0
FNDA:0,checkRegistrationFields
DA:4,2
DA:5,2
DA:7,2
DA:9,0
DA:22,0
DA:26,0
DA:27,0
DA:28,0
DA:29,0
DA:30,0
DA:32,0
DA:33,0
DA:34,0
DA:35,0
DA:36,0
DA:37,0
DA:38,0
DA:39,0
DA:40,0
DA:41,0
DA:43,0
LF:21
LH:3
BRDA:26,0,0,0
BRDA:26,0,1,0
BRDA:27,1,0,0
BRDA:27,1,1,0
BRDA:28,2,0,0
BRDA:28,2,1,0
BRDA:29,3,0,0
BRDA:29,3,1,0
BRDA:30,4,0,0
BRDA:30,4,1,0
BRDA:32,5,0,0
BRDA:32,5,1,0
BRDA:34,6,0,0
BRDA:34,6,1,0
BRDA:36,7,0,0
BRDA:36,7,1,0
BRDA:38,8,0,0
BRDA:38,8,1,0
BRDA:40,9,0,0
BRDA:40,9,1,0
BRF:20
BRH:0
end_of_record
TN:
SF:validation\middleware\diet-middleware.js
FN:3,(anonymous_0)
FNF:1
FNH:0
FNDA:0,(anonymous_0)
DA:1,2
DA:3,2
DA:4,0
DA:5,0
DA:8,0
DA:9,0
DA:11,0
LF:7
LH:2
BRDA:8,0,0,0
BRDA:8,0,1,0
BRF:2
BRH:0
end_of_record
TN:
SF:validation\middleware\login-middleware.js
FN:3,(anonymous_0)
FNF:1
FNH:1
FNDA:3,(anonymous_0)
DA:1,2
DA:3,2
DA:4,3
DA:7,3
DA:8,0
DA:10,3
LF:6
LH:5
BRDA:7,0,0,0
BRDA:7,0,1,3
BRF:2
BRH:1
end_of_record
TN:
SF:validation\middleware\mealplan-middleware.js
FN:3,(anonymous_0)
FNF:1
FNH:0
FNDA:0,(anonymous_0)
DA:1,2
DA:3,2
DA:4,0
DA:5,0
DA:8,0
DA:9,0
DA:11,0
LF:7
LH:2
BRDA:8,0,0,0
BRDA:8,0,1,0
BRF:2
BRH:0
end_of_record
TN:
SF:validation\middleware\registration-middleware.js
FN:3,(anonymous_0)
FNF:1
FNH:1
FNDA:2,(anonymous_0)
DA:1,2
DA:3,2
DA:4,2
DA:5,2
DA:8,2
DA:9,0
DA:11,2
LF:7
LH:6
BRDA:8,0,0,0
BRDA:8,0,1,2
BRF:2
BRH:1
end_of_record
TN:
SF:validation\middleware\restricted-middlware.js
FN:3,(anonymous_0)
FNF:1
FNH:1
FNDA:2,(anonymous_0)
DA:1,2
DA:3,2
DA:4,2
DA:5,2
DA:7,2
DA:9,0
DA:10,0
DA:11,0
DA:13,0
LF:9
LH:5
BRDA:9,0,0,0
BRDA:9,0,1,0
BRDA:9,1,0,0
BRDA:9,1,1,0
BRF:4
BRH:0
end_of_record
TN:
SF:validation\middleware\routine-middleware.js
FN:3,(anonymous_0)
FNF:1
FNH:0
FNDA:0,(anonymous_0)
DA:1,2
DA:3,2
DA:4,0
DA:5,0
DA:8,0
DA:9,0
DA:11,0
LF:7
LH:2
BRDA:8,0,0,0
BRDA:8,0,1,0
BRF:2
BRH:0
end_of_record
TN:
SF:validation\middleware\workout-middleware.js
FN:3,(anonymous_0)
FNF:1
FNH:0
FNDA:0,(anonymous_0)
DA:1,2
DA:3,2
DA:4,0
DA:5,0
DA:8,0
DA:9,0
DA:11,0
LF:7
LH:2
BRDA:8,0,0,0
BRDA:8,0,1,0
BRF:2
BRH:0
end_of_record
